0 info it worked if it ends with ok
1 verbose cli [ '/home/ADS.INTRA.INIST.FR/schurter/.nvm/versions/node/v4.2.3/bin/node',
1 verbose cli   '/home/ADS.INTRA.INIST.FR/schurter/.nvm/versions/node/v4.2.3/bin/npm',
1 verbose cli   'run',
1 verbose cli   'lint' ]
2 info using npm@2.14.7
3 info using node@v4.2.3
4 verbose run-script [ 'prelint', 'lint', 'postlint' ]
5 info prelint ezPAARSE@2.8.1
6 info lint ezPAARSE@2.8.1
7 verbose unsafe-perm in lifecycle true
8 info ezPAARSE@2.8.1 Failed to exec lint script
9 verbose stack Error: ezPAARSE@2.8.1 lint: `eslint --no-ignore *.js lib/ test/ routes/ platforms/ platforms/.lib`
9 verbose stack Exit status 1
9 verbose stack     at EventEmitter.<anonymous> (/home/ADS.INTRA.INIST.FR/schurter/.nvm/versions/node/v4.2.3/lib/node_modules/npm/lib/utils/lifecycle.js:214:16)
9 verbose stack     at emitTwo (events.js:87:13)
9 verbose stack     at EventEmitter.emit (events.js:172:7)
9 verbose stack     at ChildProcess.<anonymous> (/home/ADS.INTRA.INIST.FR/schurter/.nvm/versions/node/v4.2.3/lib/node_modules/npm/lib/utils/spawn.js:24:14)
9 verbose stack     at emitTwo (events.js:87:13)
9 verbose stack     at ChildProcess.emit (events.js:172:7)
9 verbose stack     at maybeClose (internal/child_process.js:818:16)
9 verbose stack     at Process.ChildProcess._handle.onexit (internal/child_process.js:211:5)
10 verbose pkgid ezPAARSE@2.8.1
11 verbose cwd /home/ADS.INTRA.INIST.FR/schurter/ezscratch/platforms
12 error Linux 3.16.0-76-generic
13 error argv "/home/ADS.INTRA.INIST.FR/schurter/.nvm/versions/node/v4.2.3/bin/node" "/home/ADS.INTRA.INIST.FR/schurter/.nvm/versions/node/v4.2.3/bin/npm" "run" "lint"
14 error node v4.2.3
15 error npm  v2.14.7
16 error code ELIFECYCLE
17 error ezPAARSE@2.8.1 lint: `eslint --no-ignore *.js lib/ test/ routes/ platforms/ platforms/.lib`
17 error Exit status 1
18 error Failed at the ezPAARSE@2.8.1 lint script 'eslint --no-ignore *.js lib/ test/ routes/ platforms/ platforms/.lib'.
18 error This is most likely a problem with the ezPAARSE package,
18 error not with npm itself.
18 error Tell the author that this fails on your system:
18 error     eslint --no-ignore *.js lib/ test/ routes/ platforms/ platforms/.lib
18 error You can get their info via:
18 error     npm owner ls ezPAARSE
18 error There is likely additional logging output above.
19 verbose exit [ 1, true ]
